Using pre-set license
Built from '2020.3/staging' branch; Version is '2020.3.0f1 (c7b5465681fb) revision 13088070'; Using compiler version '192528614'; Build Type 'Release'
OS: 'Windows 10 Pro for Workstations; OS build 19042.1110; Version 2009; 64bit' Language: 'pt' Physical Memory: 16318 MB
BatchMode: 1, IsHumanControllingUs: 0, StartBugReporterOnCrash: 0, Is64bit: 1, IsPro: 0

 COMMAND LINE ARGUMENTS:
D:\Programas\Unity\2020.3.0f1\Editor\Unity.exe
-adb2
-batchMode
-noUpm
-name
AssetImportWorker0
-projectPath
D:/Desktop/UFABC/Quad atual/Introducao a Programacao de Jogos - IPJ/Projeto/CampoDeBatalha
-logFile
Logs/AssetImportWorker0.log
-srvPort
52463
Successfully changed project path to: D:/Desktop/UFABC/Quad atual/Introducao a Programacao de Jogos - IPJ/Projeto/CampoDeBatalha
D:/Desktop/UFABC/Quad atual/Introducao a Programacao de Jogos - IPJ/Projeto/CampoDeBatalha
Using Asset Import Pipeline V2.
Refreshing native plugins compatible for Editor in 37.03 ms, found 1 plugins.
Preloading 0 native plugins for Editor in 0.00 ms.
Initialize engine version: 2020.3.0f1 (c7b5465681fb)
[Subsystems] Discovering subsystems at path D:/Programas/Unity/2020.3.0f1/Editor/Data/Resources/UnitySubsystems
[Subsystems] Discovering subsystems at path D:/Desktop/UFABC/Quad atual/Introducao a Programacao de Jogos - IPJ/Projeto/CampoDeBatalha/Assets
GfxDevice: creating device client; threaded=0
Direct3D:
    Version:  Direct3D 11.0 [level 11.1]
    Renderer: NVIDIA GeForce GTX 1660 SUPER (ID=0x21c4)
    Vendor:   
    VRAM:     5991 MB
    Driver:   30.0.14.7141
Initialize mono
Mono path[0] = 'D:/Programas/Unity/2020.3.0f1/Editor/Data/Managed'
Mono path[1] = 'D:/Programas/Unity/2020.3.0f1/Editor/Data/MonoBleedingEdge/lib/mono/unityjit'
Mono config path = 'D:/Programas/Unity/2020.3.0f1/Editor/Data/MonoBleedingEdge/etc'
Using monoOptions --debugger-agent=transport=dt_socket,embedding=1,server=y,suspend=n,address=127.0.0.1:56776
Begin MonoManager ReloadAssembly
Registering precompiled unity dll's ...
Register platform support module: D:/Programas/Unity/2020.3.0f1/Editor/Data/PlaybackEngines/WebGLSupport/UnityEditor.WebGL.Extensions.dll
Register platform support module: D:/Programas/Unity/2020.3.0f1/Editor/Data/PlaybackEngines/WindowsStandaloneSupport/UnityEditor.WindowsStandalone.Extensions.dll
Registered in 0.001584 seconds.
Native extension for WindowsStandalone target not found
Native extension for WebGL target not found
Refreshing native plugins compatible for Editor in 36.43 ms, found 1 plugins.
Preloading 0 native plugins for Editor in 0.00 ms.
Invoked RoslynAnalysisRunner static constructor.
RoslynAnalysisRunner will not be running.
RoslynAnalysisRunner has terminated.
Mono: successfully reloaded assembly
- Completed reload, in  1.303 seconds
Platform modules already initialized, skipping
Registering precompiled user dll's ...
Registered in 0.001226 seconds.
Begin MonoManager ReloadAssembly
Native extension for WindowsStandalone target not found
Native extension for WebGL target not found
Refreshing native plugins compatible for Editor in 36.23 ms, found 1 plugins.
Preloading 0 native plugins for Editor in 0.00 ms.
Invoked RoslynAnalysisRunner static constructor.
RoslynAnalysisRunner will not be running.
RoslynAnalysisRunner has terminated.
Mono: successfully reloaded assembly
- Completed reload, in  0.820 seconds
Platform modules already initialized, skipping
========================================================================
Worker process is ready to serve import requests
Launched and connected shader compiler UnityShaderCompiler.exe after 0.03 seconds
Refreshing native plugins compatible for Editor in 0.41 ms, found 1 plugins.
Preloading 0 native plugins for Editor in 0.00 ms.
Unloading 2018 Unused Serialized files (Serialized files now loaded: 0)
System memory in use before: 94.4 MB.
System memory in use after: 94.5 MB.

Unloading 20 unused Assets to reduce memory usage. Loaded Objects now: 2467.
Total: 1.930800 ms (FindLiveObjects: 0.213700 ms CreateObjectMapping: 0.056000 ms MarkObjects: 1.589500 ms  DeleteObjects: 0.070600 ms)

========================================================================
Received Import Request.
  path: Assets/Scenes/Creditos.unity
  artifactKey: Guid(92df7d7b44bf37549871ff33e58f72da) Importer(815301076,1909f56bfc062723c751e8b465ee728b)
Start importing Assets/Scenes/Creditos.unity using Guid(92df7d7b44bf37549871ff33e58f72da) Importer(815301076,1909f56bfc062723c751e8b465ee728b)  -> (artifact id: '60a19519b18225fc89bba691872e9286') in 0.010899 seconds
  Import took 0.013674 seconds .

========================================================================
Received Import Request.
  Time since last request: 261.597172 seconds.
  path: Assets/TextMesh Pro/Examples & Extras/Resources/Fonts & Materials/Anton SDF.asset
  artifactKey: Guid(8a89fa14b10d46a99122fd4f73fca9a2) Importer(815301076,1909f56bfc062723c751e8b465ee728b)
Start importing Assets/TextMesh Pro/Examples & Extras/Resources/Fonts & Materials/Anton SDF.asset using Guid(8a89fa14b10d46a99122fd4f73fca9a2) Importer(815301076,1909f56bfc062723c751e8b465ee728b)  -> (artifact id: '437fa18b07f9d10ff202bbd88b638b58') in 0.114826 seconds
  Import took 0.118805 seconds .

========================================================================
Received Import Request.
  Time since last request: 2.780640 seconds.
  path: Assets/TextMesh Pro/Examples & Extras/Resources/Fonts & Materials/Bangers SDF.asset
  artifactKey: Guid(125cb55b44b24c4393181402bc6200e6) Importer(815301076,1909f56bfc062723c751e8b465ee728b)
Start importing Assets/TextMesh Pro/Examples & Extras/Resources/Fonts & Materials/Bangers SDF.asset using Guid(125cb55b44b24c4393181402bc6200e6) Importer(815301076,1909f56bfc062723c751e8b465ee728b)  -> (artifact id: '9d28f7f15b57a560182a2ca349b99fda') in 0.023573 seconds
  Import took 0.026604 seconds .

========================================================================
Received Import Request.
  Time since last request: 0.605855 seconds.
  path: Assets/TextMesh Pro/Examples & Extras/Resources/Color Gradient Presets/Blue to Purple - Vertical.asset
  artifactKey: Guid(479a66fa4b094512a62b0a8e553ad95a) Importer(815301076,1909f56bfc062723c751e8b465ee728b)
Start importing Assets/TextMesh Pro/Examples & Extras/Resources/Color Gradient Presets/Blue to Purple - Vertical.asset using Guid(479a66fa4b094512a62b0a8e553ad95a) Importer(815301076,1909f56bfc062723c751e8b465ee728b)  -> (artifact id: '0ba547e842c6ab52d48ab9a7f6755c8d') in 0.002871 seconds
  Import took 0.005903 seconds .

========================================================================
Received Import Request.
  Time since last request: 0.000199 seconds.
  path: Assets/TextMesh Pro/Examples & Extras/Textures/Brushed Metal 3.jpg
  artifactKey: Guid(f88677df267a41d6be1e7a6133e7d227) Importer(815301076,1909f56bfc062723c751e8b465ee728b)
Start importing Assets/TextMesh Pro/Examples & Extras/Textures/Brushed Metal 3.jpg using Guid(f88677df267a41d6be1e7a6133e7d227) Importer(815301076,1909f56bfc062723c751e8b465ee728b)  -> (artifact id: '5da29224e7a79301d617a13e67578134') in 0.013944 seconds
  Import took 0.016587 seconds .

========================================================================
Received Import Request.
  Time since last request: 0.000223 seconds.
  path: Assets/TextMesh Pro/Examples & Extras/Resources/Color Gradient Presets/Blue to Purple - Vertical.asset
  artifactKey: Guid(479a66fa4b094512a62b0a8e553ad95a) Importer(815301076,1909f56bfc062723c751e8b465ee728b)
Start importing Assets/TextMesh Pro/Examples & Extras/Resources/Color Gradient Presets/Blue to Purple - Vertical.asset using Guid(479a66fa4b094512a62b0a8e553ad95a) Importer(815301076,1909f56bfc062723c751e8b465ee728b)  -> (artifact id: '0ba547e842c6ab52d48ab9a7f6755c8d') in 0.002659 seconds
  Import took 0.005462 seconds .

========================================================================
Received Import Request.
  Time since last request: 0.448380 seconds.
  path: Assets/TextMesh Pro/Examples & Extras/Resources/Color Gradient Presets/Dark to Light Green - Vertical.asset
  artifactKey: Guid(4c86a3366cd840348ebe8dc438570ee4) Importer(815301076,1909f56bfc062723c751e8b465ee728b)
Start importing Assets/TextMesh Pro/Examples & Extras/Resources/Color Gradient Presets/Dark to Light Green - Vertical.asset using Guid(4c86a3366cd840348ebe8dc438570ee4) Importer(815301076,1909f56bfc062723c751e8b465ee728b)  -> (artifact id: 'c63abdb582b094e982b775682ca143c9') in 0.003113 seconds
  Import took 0.006010 seconds .

========================================================================
Received Import Request.
  Time since last request: 0.000204 seconds.
  path: Assets/TextMesh Pro/Examples & Extras/Sprites/Default Sprites.png
  artifactKey: Guid(a0fc465d6cf04254a2938578735e2383) Importer(815301076,1909f56bfc062723c751e8b465ee728b)
Start importing Assets/TextMesh Pro/Examples & Extras/Sprites/Default Sprites.png using Guid(a0fc465d6cf04254a2938578735e2383) Importer(815301076,1909f56bfc062723c751e8b465ee728b)  -> (artifact id: '670c74c4062a366b2f1dea7b240da100') in 0.009050 seconds
  Import took 0.011739 seconds .

========================================================================
Received Import Request.
  Time since last request: 0.000208 seconds.
  path: Assets/TextMesh Pro/Resources/Style Sheets/Default Style Sheet.asset
  artifactKey: Guid(f952c082cb03451daed3ee968ac6c63e) Importer(815301076,1909f56bfc062723c751e8b465ee728b)
Start importing Assets/TextMesh Pro/Resources/Style Sheets/Default Style Sheet.asset using Guid(f952c082cb03451daed3ee968ac6c63e) Importer(815301076,1909f56bfc062723c751e8b465ee728b)  -> (artifact id: '50a6d696999cd69844c6505e1add3dd3') in 0.003918 seconds
  Import took 0.006649 seconds .

========================================================================
Received Import Request.
  Time since last request: 0.000228 seconds.
  path: Assets/TextMesh Pro/Examples & Extras/Resources/Sprite Assets/Default Sprite Asset.asset
  artifactKey: Guid(fbef3c704dce48f08a44612d6c856c8d) Importer(815301076,1909f56bfc062723c751e8b465ee728b)
Start importing Assets/TextMesh Pro/Examples & Extras/Resources/Sprite Assets/Default Sprite Asset.asset using Guid(fbef3c704dce48f08a44612d6c856c8d) Importer(815301076,1909f56bfc062723c751e8b465ee728b)  -> (artifact id: 'ce1d2f39c90e41b2e2485fd0f28f857d') in 0.007136 seconds
  Import took 0.009649 seconds .

========================================================================
Received Import Request.
  Time since last request: 153.575975 seconds.
  path: Assets/Scripts/Creditos.cs
  artifactKey: Guid(b66395fda2c5a1849bff5ad1dcdb9926) Importer(815301076,1909f56bfc062723c751e8b465ee728b)
Start importing Assets/Scripts/Creditos.cs using Guid(b66395fda2c5a1849bff5ad1dcdb9926) Importer(815301076,1909f56bfc062723c751e8b465ee728b)  -> (artifact id: '74d915d72a4d3d2d87fbb09c1c237773') in 0.011062 seconds
  Import took 0.014736 seconds .

========================================================================
Received Import Request.
  Time since last request: 0.001522 seconds.
  path: Assets/Scripts/Creditos.cs
  artifactKey: Guid(b66395fda2c5a1849bff5ad1dcdb9926) Importer(815301076,1909f56bfc062723c751e8b465ee728b)
Start importing Assets/Scripts/Creditos.cs using Guid(b66395fda2c5a1849bff5ad1dcdb9926) Importer(815301076,1909f56bfc062723c751e8b465ee728b)  -> (artifact id: '74d915d72a4d3d2d87fbb09c1c237773') in 0.002479 seconds
  Import took 0.005635 seconds .

========================================================================
Received Prepare
Registering precompiled user dll's ...
Registered in 0.001240 seconds.
Begin MonoManager ReloadAssembly
Native extension for WindowsStandalone target not found
Native extension for WebGL target not found
Refreshing native plugins compatible for Editor in 0.40 ms, found 1 plugins.
Preloading 0 native plugins for Editor in 0.00 ms.
Invoked RoslynAnalysisRunner static constructor.
RoslynAnalysisRunner will not be running.
RoslynAnalysisRunner has terminated.
Mono: successfully reloaded assembly
- Completed reload, in  0.747 seconds
Platform modules already initialized, skipping
Refreshing native plugins compatible for Editor in 0.39 ms, found 1 plugins.
Preloading 0 native plugins for Editor in 0.00 ms.
Unloading 1992 Unused Serialized files (Serialized files now loaded: 0)
System memory in use before: 96.0 MB.
System memory in use after: 96.1 MB.

Unloading 8 unused Assets to reduce memory usage. Loaded Objects now: 2516.
Total: 1.825500 ms (FindLiveObjects: 0.189500 ms CreateObjectMapping: 0.052600 ms MarkObjects: 1.568900 ms  DeleteObjects: 0.013700 ms)

========================================================================
Received Prepare
Registering precompiled user dll's ...
Registered in 0.001066 seconds.
Begin MonoManager ReloadAssembly
Native extension for WindowsStandalone target not found
Native extension for WebGL target not found
Refreshing native plugins compatible for Editor in 0.40 ms, found 1 plugins.
Preloading 0 native plugins for Editor in 0.00 ms.
Invoked RoslynAnalysisRunner static constructor.
RoslynAnalysisRunner will not be running.
RoslynAnalysisRunner has terminated.
Mono: successfully reloaded assembly
- Completed reload, in  0.732 seconds
Platform modules already initialized, skipping
Refreshing native plugins compatible for Editor in 0.41 ms, found 1 plugins.
Preloading 0 native plugins for Editor in 0.00 ms.
Unloading 1992 Unused Serialized files (Serialized files now loaded: 0)
System memory in use before: 96.0 MB.
System memory in use after: 96.1 MB.

Unloading 8 unused Assets to reduce memory usage. Loaded Objects now: 2520.
Total: 2.168800 ms (FindLiveObjects: 0.245300 ms CreateObjectMapping: 0.056900 ms MarkObjects: 1.852200 ms  DeleteObjects: 0.013300 ms)

========================================================================
Received Import Request.
  Time since last request: 40.136238 seconds.
  path: Assets/Scripts/Creditos.cs
  artifactKey: Guid(b66395fda2c5a1849bff5ad1dcdb9926) Importer(815301076,1909f56bfc062723c751e8b465ee728b)
Start importing Assets/Scripts/Creditos.cs using Guid(b66395fda2c5a1849bff5ad1dcdb9926) Importer(815301076,1909f56bfc062723c751e8b465ee728b)  -> (artifact id: '5fa58c5011596f18c01b221e0df3bdc0') in 0.004712 seconds
  Import took 0.007632 seconds .

========================================================================
Received Import Request.
  Time since last request: 517.657250 seconds.
  path: Assets/Scenes/Menu.unity
  artifactKey: Guid(f4b2b7d49761ceb4ba49feeae1123ef3) Importer(815301076,1909f56bfc062723c751e8b465ee728b)
Start importing Assets/Scenes/Menu.unity using Guid(f4b2b7d49761ceb4ba49feeae1123ef3) Importer(815301076,1909f56bfc062723c751e8b465ee728b)  -> (artifact id: '363656a03af7c1c71aa986c4321b6aeb') in 0.009403 seconds
  Import took 0.012922 seconds .

========================================================================
Received Import Request.
  Time since last request: 5.687094 seconds.
  path: Assets/Scenes/Creditos.unity
  artifactKey: Guid(92df7d7b44bf37549871ff33e58f72da) Importer(815301076,1909f56bfc062723c751e8b465ee728b)
Start importing Assets/Scenes/Creditos.unity using Guid(92df7d7b44bf37549871ff33e58f72da) Importer(815301076,1909f56bfc062723c751e8b465ee728b)  -> (artifact id: '4428c4a5e815e546b3b7ee234d0dfaf7') in 0.002478 seconds
  Import took 0.005815 seconds .

========================================================================
Received Prepare
Registering precompiled user dll's ...
Registered in 0.001143 seconds.
Begin MonoManager ReloadAssembly
Native extension for WindowsStandalone target not found
Native extension for WebGL target not found
Refreshing native plugins compatible for Editor in 0.43 ms, found 1 plugins.
Preloading 0 native plugins for Editor in 0.00 ms.
Invoked RoslynAnalysisRunner static constructor.
RoslynAnalysisRunner will not be running.
RoslynAnalysisRunner has terminated.
Mono: successfully reloaded assembly
- Completed reload, in  0.749 seconds
Platform modules already initialized, skipping
Refreshing native plugins compatible for Editor in 0.41 ms, found 1 plugins.
Preloading 0 native plugins for Editor in 0.00 ms.
Unloading 1992 Unused Serialized files (Serialized files now loaded: 0)
System memory in use before: 96.0 MB.
System memory in use after: 96.2 MB.

Unloading 8 unused Assets to reduce memory usage. Loaded Objects now: 2524.
Total: 1.754400 ms (FindLiveObjects: 0.211700 ms CreateObjectMapping: 0.051000 ms MarkObjects: 1.479200 ms  DeleteObjects: 0.011500 ms)

========================================================================
Received Prepare
Registering precompiled user dll's ...
Registered in 0.001094 seconds.
Begin MonoManager ReloadAssembly
Native extension for WindowsStandalone target not found
Native extension for WebGL target not found
Refreshing native plugins compatible for Editor in 0.41 ms, found 1 plugins.
Preloading 0 native plugins for Editor in 0.00 ms.
Invoked RoslynAnalysisRunner static constructor.
RoslynAnalysisRunner will not be running.
RoslynAnalysisRunner has terminated.
Mono: successfully reloaded assembly
- Completed reload, in  0.774 seconds
Platform modules already initialized, skipping
Refreshing native plugins compatible for Editor in 0.39 ms, found 1 plugins.
Preloading 0 native plugins for Editor in 0.00 ms.
Unloading 1992 Unused Serialized files (Serialized files now loaded: 0)
System memory in use before: 96.1 MB.
System memory in use after: 96.2 MB.

Unloading 8 unused Assets to reduce memory usage. Loaded Objects now: 2528.
Total: 2.146400 ms (FindLiveObjects: 0.203700 ms CreateObjectMapping: 0.048000 ms MarkObjects: 1.873000 ms  DeleteObjects: 0.018300 ms)

========================================================================
Received Prepare
Registering precompiled user dll's ...
Registered in 0.001239 seconds.
Begin MonoManager ReloadAssembly
Native extension for WindowsStandalone target not found
Native extension for WebGL target not found
Refreshing native plugins compatible for Editor in 0.44 ms, found 1 plugins.
Preloading 0 native plugins for Editor in 0.00 ms.
Invoked RoslynAnalysisRunner static constructor.
RoslynAnalysisRunner will not be running.
RoslynAnalysisRunner has terminated.
Mono: successfully reloaded assembly
- Completed reload, in  0.856 seconds
Platform modules already initialized, skipping
Refreshing native plugins compatible for Editor in 0.50 ms, found 1 plugins.
Preloading 0 native plugins for Editor in 0.00 ms.
Unloading 1992 Unused Serialized files (Serialized files now loaded: 0)
System memory in use before: 96.1 MB.
System memory in use after: 96.2 MB.

Unloading 8 unused Assets to reduce memory usage. Loaded Objects now: 2532.
Total: 1.997400 ms (FindLiveObjects: 0.215400 ms CreateObjectMapping: 0.046300 ms MarkObjects: 1.721900 ms  DeleteObjects: 0.011900 ms)

========================================================================
Received Prepare
Registering precompiled user dll's ...
Registered in 0.001117 seconds.
Begin MonoManager ReloadAssembly
Native extension for WindowsStandalone target not found
Native extension for WebGL target not found
Refreshing native plugins compatible for Editor in 0.49 ms, found 1 plugins.
Preloading 0 native plugins for Editor in 0.00 ms.
Invoked RoslynAnalysisRunner static constructor.
RoslynAnalysisRunner will not be running.
RoslynAnalysisRunner has terminated.
Mono: successfully reloaded assembly
- Completed reload, in  0.832 seconds
Platform modules already initialized, skipping
Refreshing native plugins compatible for Editor in 0.45 ms, found 1 plugins.
Preloading 0 native plugins for Editor in 0.00 ms.
Unloading 1992 Unused Serialized files (Serialized files now loaded: 0)
System memory in use before: 96.1 MB.
System memory in use after: 96.2 MB.

Unloading 8 unused Assets to reduce memory usage. Loaded Objects now: 2536.
Total: 2.155000 ms (FindLiveObjects: 0.243700 ms CreateObjectMapping: 0.050300 ms MarkObjects: 1.846700 ms  DeleteObjects: 0.013500 ms)

========================================================================
Received Prepare
Registering precompiled user dll's ...
Registered in 0.001272 seconds.
Begin MonoManager ReloadAssembly
Native extension for WindowsStandalone target not found
Native extension for WebGL target not found
Refreshing native plugins compatible for Editor in 0.49 ms, found 1 plugins.
Preloading 0 native plugins for Editor in 0.00 ms.
Invoked RoslynAnalysisRunner static constructor.
RoslynAnalysisRunner will not be running.
RoslynAnalysisRunner has terminated.
Mono: successfully reloaded assembly
- Completed reload, in  0.731 seconds
Platform modules already initialized, skipping
Refreshing native plugins compatible for Editor in 0.40 ms, found 1 plugins.
Preloading 0 native plugins for Editor in 0.00 ms.
Unloading 1992 Unused Serialized files (Serialized files now loaded: 0)
System memory in use before: 96.1 MB.
System memory in use after: 96.2 MB.

Unloading 8 unused Assets to reduce memory usage. Loaded Objects now: 2540.
Total: 1.991700 ms (FindLiveObjects: 0.222000 ms CreateObjectMapping: 0.056900 ms MarkObjects: 1.699200 ms  DeleteObjects: 0.012400 ms)

========================================================================
Received Import Request.
  Time since last request: 575.350647 seconds.
  path: Assets/Scenes/Menu.unity
  artifactKey: Guid(f4b2b7d49761ceb4ba49feeae1123ef3) Importer(815301076,1909f56bfc062723c751e8b465ee728b)
Start importing Assets/Scenes/Menu.unity using Guid(f4b2b7d49761ceb4ba49feeae1123ef3) Importer(815301076,1909f56bfc062723c751e8b465ee728b)  -> (artifact id: 'd158ba79c9165398c0a583a79ee6f940') in 0.011698 seconds
  Import took 0.015618 seconds .

========================================================================
Received Prepare
Registering precompiled user dll's ...
Registered in 0.001010 seconds.
Begin MonoManager ReloadAssembly
Native extension for WindowsStandalone target not found
Native extension for WebGL target not found
Refreshing native plugins compatible for Editor in 0.42 ms, found 1 plugins.
Preloading 0 native plugins for Editor in 0.00 ms.
Invoked RoslynAnalysisRunner static constructor.
RoslynAnalysisRunner will not be running.
RoslynAnalysisRunner has terminated.
Mono: successfully reloaded assembly
- Completed reload, in  0.729 seconds
Platform modules already initialized, skipping
Refreshing native plugins compatible for Editor in 0.40 ms, found 1 plugins.
Preloading 0 native plugins for Editor in 0.00 ms.
Unloading 1992 Unused Serialized files (Serialized files now loaded: 0)
System memory in use before: 96.1 MB.
System memory in use after: 96.2 MB.

Unloading 8 unused Assets to reduce memory usage. Loaded Objects now: 2544.
Total: 2.050800 ms (FindLiveObjects: 0.174900 ms CreateObjectMapping: 0.045500 ms MarkObjects: 1.817000 ms  DeleteObjects: 0.012300 ms)

========================================================================
Received Import Request.
  Time since last request: 868.901002 seconds.
  path: Assets/Scripts/Fase4.cs
  artifactKey: Guid(9a7e0437692a9ae46bb83aaf9dc87d7e) Importer(815301076,1909f56bfc062723c751e8b465ee728b)
Start importing Assets/Scripts/Fase4.cs using Guid(9a7e0437692a9ae46bb83aaf9dc87d7e) Importer(815301076,1909f56bfc062723c751e8b465ee728b)  -> (artifact id: '824b43fd2ebd0ff66487941ba168a926') in 0.006511 seconds
  Import took 0.009889 seconds .

========================================================================
Received Import Request.
  Time since last request: 0.060137 seconds.
  path: Assets/Scripts/Fase4.cs
  artifactKey: Guid(9a7e0437692a9ae46bb83aaf9dc87d7e) Importer(815301076,1909f56bfc062723c751e8b465ee728b)
Start importing Assets/Scripts/Fase4.cs using Guid(9a7e0437692a9ae46bb83aaf9dc87d7e) Importer(815301076,1909f56bfc062723c751e8b465ee728b)  -> (artifact id: '824b43fd2ebd0ff66487941ba168a926') in 0.019248 seconds
  Import took 0.037360 seconds .

========================================================================
Received Import Request.
  Time since last request: 470.670660 seconds.
  path: Assets/Scripts/Fase4.cs
  artifactKey: Guid(9a7e0437692a9ae46bb83aaf9dc87d7e) Importer(815301076,1909f56bfc062723c751e8b465ee728b)
Start importing Assets/Scripts/Fase4.cs using Guid(9a7e0437692a9ae46bb83aaf9dc87d7e) Importer(815301076,1909f56bfc062723c751e8b465ee728b)  -> (artifact id: '0148cb18e9bcf61433f8a6b4b9e83d9e') in 0.002816 seconds
  Import took 0.006297 seconds .

========================================================================
Received Import Request.
  Time since last request: 0.000557 seconds.
  path: Assets/Scripts/Fase4.cs
  artifactKey: Guid(9a7e0437692a9ae46bb83aaf9dc87d7e) Importer(815301076,1909f56bfc062723c751e8b465ee728b)
Start importing Assets/Scripts/Fase4.cs using Guid(9a7e0437692a9ae46bb83aaf9dc87d7e) Importer(815301076,1909f56bfc062723c751e8b465ee728b)  -> (artifact id: '0148cb18e9bcf61433f8a6b4b9e83d9e') in 0.001998 seconds
  Import took 0.005198 seconds .

========================================================================
Received Prepare
Registering precompiled user dll's ...
Registered in 0.001729 seconds.
Begin MonoManager ReloadAssembly
Native extension for WindowsStandalone target not found
Native extension for WebGL target not found
Refreshing native plugins compatible for Editor in 0.40 ms, found 1 plugins.
Preloading 0 native plugins for Editor in 0.00 ms.
Invoked RoslynAnalysisRunner static constructor.
RoslynAnalysisRunner will not be running.
RoslynAnalysisRunner has terminated.
Mono: successfully reloaded assembly
- Completed reload, in  0.717 seconds
Platform modules already initialized, skipping
Refreshing native plugins compatible for Editor in 0.41 ms, found 1 plugins.
Preloading 0 native plugins for Editor in 0.00 ms.
Unloading 1992 Unused Serialized files (Serialized files now loaded: 0)
System memory in use before: 96.1 MB.
System memory in use after: 96.2 MB.

Unloading 8 unused Assets to reduce memory usage. Loaded Objects now: 2548.
Total: 21.577600 ms (FindLiveObjects: 0.286100 ms CreateObjectMapping: 0.048500 ms MarkObjects: 21.226600 ms  DeleteObjects: 0.015200 ms)

========================================================================
Received Prepare
Registering precompiled user dll's ...
Registered in 0.001148 seconds.
Begin MonoManager ReloadAssembly
Native extension for WindowsStandalone target not found
Native extension for WebGL target not found
Refreshing native plugins compatible for Editor in 0.40 ms, found 1 plugins.
Preloading 0 native plugins for Editor in 0.00 ms.
Invoked RoslynAnalysisRunner static constructor.
RoslynAnalysisRunner will not be running.
RoslynAnalysisRunner has terminated.
Mono: successfully reloaded assembly
- Completed reload, in  0.780 seconds
Platform modules already initialized, skipping
Refreshing native plugins compatible for Editor in 0.43 ms, found 1 plugins.
Preloading 0 native plugins for Editor in 0.00 ms.
Unloading 1992 Unused Serialized files (Serialized files now loaded: 0)
System memory in use before: 96.1 MB.
System memory in use after: 96.2 MB.

Unloading 8 unused Assets to reduce memory usage. Loaded Objects now: 2552.
Total: 1.725200 ms (FindLiveObjects: 0.203500 ms CreateObjectMapping: 0.047900 ms MarkObjects: 1.461700 ms  DeleteObjects: 0.011200 ms)

========================================================================
Received Prepare
Registering precompiled user dll's ...
Registered in 0.001013 seconds.
Begin MonoManager ReloadAssembly
Native extension for WindowsStandalone target not found
Native extension for WebGL target not found
Refreshing native plugins compatible for Editor in 0.43 ms, found 1 plugins.
Preloading 0 native plugins for Editor in 0.00 ms.
Invoked RoslynAnalysisRunner static constructor.
RoslynAnalysisRunner will not be running.
RoslynAnalysisRunner has terminated.
Mono: successfully reloaded assembly
- Completed reload, in  0.775 seconds
Platform modules already initialized, skipping
Refreshing native plugins compatible for Editor in 0.39 ms, found 1 plugins.
Preloading 0 native plugins for Editor in 0.00 ms.
Unloading 1992 Unused Serialized files (Serialized files now loaded: 0)
System memory in use before: 96.1 MB.
System memory in use after: 96.2 MB.

Unloading 8 unused Assets to reduce memory usage. Loaded Objects now: 2556.
Total: 1.932200 ms (FindLiveObjects: 0.186100 ms CreateObjectMapping: 0.049100 ms MarkObjects: 1.679200 ms  DeleteObjects: 0.016800 ms)

========================================================================
Received Prepare
Registering precompiled user dll's ...
Registered in 0.000977 seconds.
Begin MonoManager ReloadAssembly
Native extension for WindowsStandalone target not found
Native extension for WebGL target not found
Refreshing native plugins compatible for Editor in 0.39 ms, found 1 plugins.
Preloading 0 native plugins for Editor in 0.00 ms.
Invoked RoslynAnalysisRunner static constructor.
RoslynAnalysisRunner will not be running.
RoslynAnalysisRunner has terminated.
Mono: successfully reloaded assembly
- Completed reload, in  0.775 seconds
Platform modules already initialized, skipping
Refreshing native plugins compatible for Editor in 0.40 ms, found 1 plugins.
Preloading 0 native plugins for Editor in 0.00 ms.
Unloading 1992 Unused Serialized files (Serialized files now loaded: 0)
System memory in use before: 96.1 MB.
System memory in use after: 96.3 MB.

Unloading 8 unused Assets to reduce memory usage. Loaded Objects now: 2560.
Total: 2.524300 ms (FindLiveObjects: 0.228300 ms CreateObjectMapping: 0.334500 ms MarkObjects: 1.943000 ms  DeleteObjects: 0.017300 ms)

========================================================================
Received Prepare
Registering precompiled user dll's ...
Registered in 0.001180 seconds.
Begin MonoManager ReloadAssembly
Native extension for WindowsStandalone target not found
Native extension for WebGL target not found
Refreshing native plugins compatible for Editor in 0.40 ms, found 1 plugins.
Preloading 0 native plugins for Editor in 0.00 ms.
Invoked RoslynAnalysisRunner static constructor.
RoslynAnalysisRunner will not be running.
RoslynAnalysisRunner has terminated.
Mono: successfully reloaded assembly
- Completed reload, in  0.732 seconds
Platform modules already initialized, skipping
Refreshing native plugins compatible for Editor in 0.41 ms, found 1 plugins.
Preloading 0 native plugins for Editor in 0.00 ms.
Unloading 1992 Unused Serialized files (Serialized files now loaded: 0)
System memory in use before: 96.1 MB.
System memory in use after: 96.3 MB.

Unloading 8 unused Assets to reduce memory usage. Loaded Objects now: 2564.
Total: 1.770500 ms (FindLiveObjects: 0.197400 ms CreateObjectMapping: 0.052400 ms MarkObjects: 1.507800 ms  DeleteObjects: 0.012100 ms)

========================================================================
Received Import Request.
  Time since last request: 814.372718 seconds.
  path: Assets/Scenes/Menu.unity
  artifactKey: Guid(f4b2b7d49761ceb4ba49feeae1123ef3) Importer(815301076,1909f56bfc062723c751e8b465ee728b)
Start importing Assets/Scenes/Menu.unity using Guid(f4b2b7d49761ceb4ba49feeae1123ef3) Importer(815301076,1909f56bfc062723c751e8b465ee728b)  -> (artifact id: '50732c8fd510c3a86ee1a1ad9c312e1d') in 0.011093 seconds
  Import took 0.014040 seconds .

========================================================================
Received Prepare
Registering precompiled user dll's ...
Registered in 0.000932 seconds.
Begin MonoManager ReloadAssembly
Native extension for WindowsStandalone target not found
Native extension for WebGL target not found
Refreshing native plugins compatible for Editor in 0.40 ms, found 1 plugins.
Preloading 0 native plugins for Editor in 0.00 ms.
Invoked RoslynAnalysisRunner static constructor.
RoslynAnalysisRunner will not be running.
RoslynAnalysisRunner has terminated.
Mono: successfully reloaded assembly
- Completed reload, in  0.726 seconds
Platform modules already initialized, skipping
Refreshing native plugins compatible for Editor in 0.39 ms, found 1 plugins.
Preloading 0 native plugins for Editor in 0.00 ms.
Unloading 1992 Unused Serialized files (Serialized files now loaded: 0)
System memory in use before: 96.2 MB.
System memory in use after: 96.3 MB.

Unloading 8 unused Assets to reduce memory usage. Loaded Objects now: 2568.
Total: 1.679600 ms (FindLiveObjects: 0.170900 ms CreateObjectMapping: 0.047200 ms MarkObjects: 1.449500 ms  DeleteObjects: 0.011300 ms)

========================================================================
Received Prepare
Registering precompiled user dll's ...
Registered in 0.001056 seconds.
Begin MonoManager ReloadAssembly
Native extension for WindowsStandalone target not found
Native extension for WebGL target not found
Refreshing native plugins compatible for Editor in 0.41 ms, found 1 plugins.
Preloading 0 native plugins for Editor in 0.00 ms.
Invoked RoslynAnalysisRunner static constructor.
RoslynAnalysisRunner will not be running.
RoslynAnalysisRunner has terminated.
Mono: successfully reloaded assembly
- Completed reload, in  0.746 seconds
Platform modules already initialized, skipping
Refreshing native plugins compatible for Editor in 0.40 ms, found 1 plugins.
Preloading 0 native plugins for Editor in 0.00 ms.
Unloading 1992 Unused Serialized files (Serialized files now loaded: 0)
System memory in use before: 96.2 MB.
System memory in use after: 96.3 MB.

Unloading 8 unused Assets to reduce memory usage. Loaded Objects now: 2572.
Total: 2.111900 ms (FindLiveObjects: 0.192300 ms CreateObjectMapping: 0.052000 ms MarkObjects: 1.850500 ms  DeleteObjects: 0.016000 ms)

========================================================================
Received Import Request.
  Time since last request: 1003.431443 seconds.
  path: Assets/Scripts/SkeletonFase4.cs
  artifactKey: Guid(13c2414539b2a114f9c58c2f460c04eb) Importer(815301076,1909f56bfc062723c751e8b465ee728b)
Start importing Assets/Scripts/SkeletonFase4.cs using Guid(13c2414539b2a114f9c58c2f460c04eb) Importer(815301076,1909f56bfc062723c751e8b465ee728b)  -> (artifact id: '19a98fd1a17c9b2779f0d263c6a05f63') in 0.005740 seconds
  Import took 0.008993 seconds .

========================================================================
Received Import Request.
  Time since last request: 0.021271 seconds.
  path: Assets/Scripts/SkeletonFase4.cs
  artifactKey: Guid(13c2414539b2a114f9c58c2f460c04eb) Importer(815301076,1909f56bfc062723c751e8b465ee728b)
Start importing Assets/Scripts/SkeletonFase4.cs using Guid(13c2414539b2a114f9c58c2f460c04eb) Importer(815301076,1909f56bfc062723c751e8b465ee728b)  -> (artifact id: '19a98fd1a17c9b2779f0d263c6a05f63') in 0.002293 seconds
  Import took 0.069015 seconds .

========================================================================
Received Prepare
Registering precompiled user dll's ...
Registered in 0.001055 seconds.
Begin MonoManager ReloadAssembly
Native extension for WindowsStandalone target not found
Native extension for WebGL target not found
Refreshing native plugins compatible for Editor in 0.40 ms, found 1 plugins.
Preloading 0 native plugins for Editor in 0.00 ms.
Invoked RoslynAnalysisRunner static constructor.
RoslynAnalysisRunner will not be running.
RoslynAnalysisRunner has terminated.
Mono: successfully reloaded assembly
- Completed reload, in  0.722 seconds
Platform modules already initialized, skipping
Refreshing native plugins compatible for Editor in 0.34 ms, found 1 plugins.
Preloading 0 native plugins for Editor in 0.00 ms.
Unloading 1992 Unused Serialized files (Serialized files now loaded: 0)
System memory in use before: 96.2 MB.
System memory in use after: 96.3 MB.

Unloading 8 unused Assets to reduce memory usage. Loaded Objects now: 2576.
Total: 1.872100 ms (FindLiveObjects: 0.186700 ms CreateObjectMapping: 0.046600 ms MarkObjects: 1.622500 ms  DeleteObjects: 0.015300 ms)

========================================================================
Received Prepare
Registering precompiled user dll's ...
Registered in 0.001173 seconds.
Begin MonoManager ReloadAssembly
Native extension for WindowsStandalone target not found
Native extension for WebGL target not found
Refreshing native plugins compatible for Editor in 0.40 ms, found 1 plugins.
Preloading 0 native plugins for Editor in 0.00 ms.
Invoked RoslynAnalysisRunner static constructor.
RoslynAnalysisRunner will not be running.
RoslynAnalysisRunner has terminated.
Mono: successfully reloaded assembly
- Completed reload, in  0.703 seconds
Platform modules already initialized, skipping
Refreshing native plugins compatible for Editor in 0.41 ms, found 1 plugins.
Preloading 0 native plugins for Editor in 0.00 ms.
Unloading 1992 Unused Serialized files (Serialized files now loaded: 0)
System memory in use before: 96.2 MB.
System memory in use after: 96.3 MB.

Unloading 8 unused Assets to reduce memory usage. Loaded Objects now: 2580.
Total: 1.756000 ms (FindLiveObjects: 0.197000 ms CreateObjectMapping: 0.048000 ms MarkObjects: 1.497600 ms  DeleteObjects: 0.012400 ms)

AssetImportWorkerClient::OnTransportError - code=2 error=End of file
